<?xml version="1.0" encoding="UTF-8"?>
<!-- Generated by org.testng.reporters.JUnitReportReporter -->
<testsuite hostname="mtayyabansari" failures="0" tests="1" name="runners.RunCucumberTest" time="28.314" errors="0" timestamp="2024-07-01T17:26:59 PKT" skipped="0">
  <testcase classname="runners.RunCucumberTest" name="runScenario" time="28.314"/>
  <system-out/>
</testsuite> <!-- runners.RunCucumberTest -->
